<?xml version="1.0" encoding="UTF-8"?>
<testng-results ignored="1" total="2" passed="1" failed="0" skipped="0">
  <reporter-output>
  </reporter-output>
  <suite started-at="2024-08-19T10:26:46 IST" name="Default suite" finished-at="2024-08-19T10:26:46 IST" duration-ms="93">
    <groups>
    </groups>
    <test started-at="2024-08-19T10:26:46 IST" name="Default test" finished-at="2024-08-19T10:26:46 IST" duration-ms="93">
      <class name="Contact.ContactTest">
        <test-method signature="ContactTest()[pri:0, instance:Contact.ContactTest@8f4ea7c]" started-at="2024-08-19T10:26:46 IST" name="ContactTest" finished-at="2024-08-19T10:26:46 IST" duration-ms="16" status="PASS">
          <reporter-output>
          </reporter-output>
        </test-method> <!-- ContactTest -->
      </class> <!-- Contact.ContactTest -->
    </test> <!-- Default test -->
  </suite> <!-- Default suite -->
</testng-results>
