<?xml version="1.0" encoding="UTF-8"?>
<!-- Generated by org.testng.reporters.JUnitXMLReporter -->
<testsuite ignored="1" hostname="DESKTOP-FPL556H" failures="0" tests="1" name="Default test" time="0.093" errors="0" timestamp="2024-08-19T10:26:46 IST">
  <testcase classname="Contact.ContactTest" name="ContactTest" time="0.016"/>
  <testcase classname="Contact.ContactTest" name="modifyContactTest" time="0.0">
    <ignored/>
  </testcase> <!-- modifyContactTest -->
</testsuite> <!-- Default test -->
